2023-01-12 19:52:49,362 p=7934 u=ubuntu n=ansible | PLAY [Generate artifact, copy artifact & sql file to files directory] *********************************************************************
2023-01-12 19:52:49,379 p=7934 u=ubuntu n=ansible | TASK [Gathering Facts] ********************************************************************************************************************
2023-01-12 19:52:50,704 p=7934 u=ubuntu n=ansible | ok: [localhost]
2023-01-12 19:52:50,721 p=7934 u=ubuntu n=ansible | TASK [Install jdk, maven, git] ************************************************************************************************************
2023-01-12 19:52:51,297 p=7934 u=ubuntu n=ansible | failed: [localhost] (item=git) => {"ansible_loop_var": "item", "changed": false, "item": "git", "msg": "Unsupported parameters for (apt) module: updare_cache. Supported parameters include: clean, autoclean, lock_timeout, deb, update_cache_retry_max_delay, state, update_cache (update-cache), allow_downgrade (allow-downgrade, allow-downgrades, allow_downgrades), allow_unauthenticated (allow-unauthenticated), force, update_cache_retries, fail_on_autoremove, autoremove, package (name, pkg), cache_valid_time, default_release (default-release), install_recommends (install-recommends), dpkg_options, only_upgrade, allow_change_held_packages, policy_rc_d, upgrade, force_apt_get, purge."}
2023-01-12 19:52:51,666 p=7934 u=ubuntu n=ansible | failed: [localhost] (item=openjdk-8-jdk) => {"ansible_loop_var": "item", "changed": false, "item": "openjdk-8-jdk", "msg": "Unsupported parameters for (apt) module: updare_cache. Supported parameters include: package (name, pkg), autoclean, allow_unauthenticated (allow-unauthenticated), dpkg_options, state, fail_on_autoremove, cache_valid_time, autoremove, lock_timeout, clean, allow_downgrade (allow-downgrade, allow-downgrades, allow_downgrades), update_cache_retries, default_release (default-release), force, install_recommends (install-recommends), force_apt_get, upgrade, update_cache (update-cache), policy_rc_d, deb, update_cache_retry_max_delay, only_upgrade, allow_change_held_packages, purge."}
2023-01-12 19:52:52,036 p=7934 u=ubuntu n=ansible | failed: [localhost] (item=maven) => {"ansible_loop_var": "item", "changed": false, "item": "maven", "msg": "Unsupported parameters for (apt) module: updare_cache. Supported parameters include: force_apt_get, lock_timeout, package (name, pkg), allow_downgrade (allow-downgrade, allow-downgrades, allow_downgrades), force, install_recommends (install-recommends), only_upgrade, policy_rc_d, autoremove, deb, default_release (default-release), upgrade, update_cache_retries, allow_unauthenticated (allow-unauthenticated), update_cache (update-cache), cache_valid_time, clean, state, autoclean, update_cache_retry_max_delay, fail_on_autoremove, allow_change_held_packages, dpkg_options, purge."}
2023-01-12 19:52:52,041 p=7934 u=ubuntu n=ansible | PLAY RECAP ********************************************************************************************************************************
2023-01-12 19:52:52,041 p=7934 u=ubuntu n=ansible | localhost                  : ok=1    changed=0    unreachable=0    failed=1    skipped=0    rescued=0    ignored=0   
2023-01-12 19:56:37,837 p=8120 u=ubuntu n=ansible | PLAY [Generate artifact, copy artifact & sql file to files directory] *********************************************************************
2023-01-12 19:56:37,845 p=8120 u=ubuntu n=ansible | TASK [Gathering Facts] ********************************************************************************************************************
2023-01-12 19:56:39,065 p=8120 u=ubuntu n=ansible | ok: [localhost]
2023-01-12 19:56:39,082 p=8120 u=ubuntu n=ansible | TASK [Install jdk, maven, git] ************************************************************************************************************
2023-01-12 19:56:49,013 p=8120 u=ubuntu n=ansible | ok: [localhost] => (item=git)
2023-01-12 19:57:32,829 p=8120 u=ubuntu n=ansible | changed: [localhost] => (item=openjdk-8-jdk)
2023-01-12 19:57:41,720 p=8120 u=ubuntu n=ansible | changed: [localhost] => (item=maven)
2023-01-12 19:57:41,736 p=8120 u=ubuntu n=ansible | TASK [Clone source code from github] ******************************************************************************************************
2023-01-12 19:57:46,660 p=8120 u=ubuntu n=ansible | changed: [localhost]
2023-01-12 19:57:46,671 p=8120 u=ubuntu n=ansible | TASK [mvn install command to build artifact] **********************************************************************************************
2023-01-12 19:58:23,823 p=8120 u=ubuntu n=ansible | changed: [localhost]
2023-01-12 19:58:23,865 p=8120 u=ubuntu n=ansible | TASK [Copy artifacts to files directory] **************************************************************************************************
2023-01-12 19:58:25,045 p=8120 u=ubuntu n=ansible | changed: [localhost] => (item=/home/ubuntu/ansible-aws-vpc-automation/provision-stack/Vprofile-repo/target/vprofile-v2.war)
2023-01-12 19:58:25,056 p=8120 u=ubuntu n=ansible | TASK [Copy SQL file to files directory] ***************************************************************************************************
2023-01-12 19:58:25,489 p=8120 u=ubuntu n=ansible | changed: [localhost]
2023-01-12 19:58:25,505 p=8120 u=ubuntu n=ansible | PLAY RECAP ********************************************************************************************************************************
2023-01-12 19:58:25,506 p=8120 u=ubuntu n=ansible | localhost                  : ok=6    changed=5    unreachable=0    failed=0    skipped=0    rescued=0    ignored=0   
2023-01-12 20:08:28,789 p=13966 u=ubuntu n=ansible | PLAY [Set host to ip mapping in /etc/hosts file of all the instances in the stack] ********************************************************
2023-01-12 20:08:28,807 p=13966 u=ubuntu n=ansible | TASK [Gathering Facts] ********************************************************************************************************************
2023-01-12 20:08:30,680 p=13966 u=ubuntu n=ansible | ok: [web01]
2023-01-12 20:08:30,848 p=13966 u=ubuntu n=ansible | ok: [cntl]
2023-01-12 20:08:31,309 p=13966 u=ubuntu n=ansible | ok: [app01]
2023-01-12 20:08:31,486 p=13966 u=ubuntu n=ansible | ok: [mc01]
2023-01-12 20:08:31,616 p=13966 u=ubuntu n=ansible | ok: [rmq01]
2023-01-12 20:08:33,059 p=13966 u=ubuntu n=ansible | ok: [db01]
2023-01-12 20:08:33,076 p=13966 u=ubuntu n=ansible | TASK [Import VPC setup Variable] **********************************************************************************************************
2023-01-12 20:08:33,124 p=13966 u=ubuntu n=ansible | ok: [cntl]
2023-01-12 20:08:33,147 p=13966 u=ubuntu n=ansible | ok: [web01]
2023-01-12 20:08:33,167 p=13966 u=ubuntu n=ansible | ok: [app01]
2023-01-12 20:08:33,192 p=13966 u=ubuntu n=ansible | ok: [rmq01]
2023-01-12 20:08:33,195 p=13966 u=ubuntu n=ansible | ok: [mc01]
2023-01-12 20:08:33,202 p=13966 u=ubuntu n=ansible | ok: [db01]
2023-01-12 20:08:33,212 p=13966 u=ubuntu n=ansible | TASK [Update hosts file for all the hosts] ************************************************************************************************
2023-01-12 20:08:34,031 p=13966 u=ubuntu n=ansible | changed: [app01]
2023-01-12 20:08:34,032 p=13966 u=ubuntu n=ansible | changed: [rmq01]
2023-01-12 20:08:34,035 p=13966 u=ubuntu n=ansible | changed: [mc01]
2023-01-12 20:08:34,035 p=13966 u=ubuntu n=ansible | changed: [web01]
2023-01-12 20:08:34,087 p=13966 u=ubuntu n=ansible | changed: [cntl]
2023-01-12 20:08:34,354 p=13966 u=ubuntu n=ansible | changed: [db01]
2023-01-12 20:08:34,372 p=13966 u=ubuntu n=ansible | PLAY RECAP ********************************************************************************************************************************
2023-01-12 20:08:34,372 p=13966 u=ubuntu n=ansible | app01                      : ok=3    changed=1    unreachable=0    failed=0    skipped=0    rescued=0    ignored=0   
2023-01-12 20:08:34,373 p=13966 u=ubuntu n=ansible | cntl                       : ok=3    changed=1    unreachable=0    failed=0    skipped=0    rescued=0    ignored=0   
2023-01-12 20:08:34,373 p=13966 u=ubuntu n=ansible | db01                       : ok=3    changed=1    unreachable=0    failed=0    skipped=0    rescued=0    ignored=0   
2023-01-12 20:08:34,373 p=13966 u=ubuntu n=ansible | mc01                       : ok=3    changed=1    unreachable=0    failed=0    skipped=0    rescued=0    ignored=0   
2023-01-12 20:08:34,373 p=13966 u=ubuntu n=ansible | rmq01                      : ok=3    changed=1    unreachable=0    failed=0    skipped=0    rescued=0    ignored=0   
2023-01-12 20:08:34,373 p=13966 u=ubuntu n=ansible | web01                      : ok=3    changed=1    unreachable=0    failed=0    skipped=0    rescued=0    ignored=0   
